==13916== Memcheck, a memory error detector
==13916== Copyright (C) 2002-2022, and GNU GPL'd, by Julian Seward et al.
==13916== Using Valgrind-3.22.0 and LibVEX; rerun with -h for copyright info
==13916== Command: ./menu
==13916== Parent PID: 13915
==13916== 
==13916== 
==13916== HEAP SUMMARY:
==13916==     in use at exit: 141,074 bytes in 740 blocks
==13916==   total heap usage: 36,712 allocs, 35,972 frees, 4,400,543 bytes allocated
==13916== 
==13916== 9 bytes in 1 blocks are possibly lost in loss record 86 of 301
==13916==    at 0x4846828: malloc (in /usr/libexec/valgrind/vgpreload_memcheck-amd64-linux.so)
==13916==    by 0x4A1335E: strdup (strdup.c:42)
==13916==    by 0x49196A5: ??? (in /usr/lib/x86_64-linux-gnu/libtinfo.so.6.4)
==13916==    by 0x491E278: _nc_tiparm (in /usr/lib/x86_64-linux-gnu/libtinfo.so.6.4)
==13916==    by 0x48EBB53: newterm_sp (in /usr/lib/x86_64-linux-gnu/libncurses.so.6.4)
==13916==    by 0x48EC4D4: newterm (in /usr/lib/x86_64-linux-gnu/libncurses.so.6.4)
==13916==    by 0x48EC567: initscr (in /usr/lib/x86_64-linux-gnu/libncurses.so.6.4)
==13916==    by 0x10DB55: _initsrc (windows.c:255)
==13916==    by 0x10B1F5: main (menu.c:214)
==13916== 
==13916== 24 bytes in 1 blocks are possibly lost in loss record 189 of 301
==13916==    at 0x4846828: malloc (in /usr/libexec/valgrind/vgpreload_memcheck-amd64-linux.so)
==13916==    by 0x4A87571: tsearch (tsearch.c:337)
==13916==    by 0x49196C7: ??? (in /usr/lib/x86_64-linux-gnu/libtinfo.so.6.4)
==13916==    by 0x491E278: _nc_tiparm (in /usr/lib/x86_64-linux-gnu/libtinfo.so.6.4)
==13916==    by 0x48EBB53: newterm_sp (in /usr/lib/x86_64-linux-gnu/libncurses.so.6.4)
==13916==    by 0x48EC4D4: newterm (in /usr/lib/x86_64-linux-gnu/libncurses.so.6.4)
==13916==    by 0x48EC567: initscr (in /usr/lib/x86_64-linux-gnu/libncurses.so.6.4)
==13916==    by 0x10DB55: _initsrc (windows.c:255)
==13916==    by 0x10B1F5: main (menu.c:214)
==13916== 
==13916== 46 bytes in 1 blocks are definitely lost in loss record 196 of 301
==13916==    at 0x484DB80: realloc (in /usr/libexec/valgrind/vgpreload_memcheck-amd64-linux.so)
==13916==    by 0x4A0F5F2: argz_add_sep (argz-addsep.c:34)
==13916==    by 0x4998BDB: newlocale (newlocale.c:111)
==13916==    by 0x5B3F8FC: ??? (in /usr/lib/x86_64-linux-gnu/libp11-kit.so.0.3.1)
==13916==    by 0x400571E: call_init.part.0 (dl-init.c:74)
==13916==    by 0x4005823: call_init (dl-init.c:120)
==13916==    by 0x4005823: _dl_init (dl-init.c:121)
==13916==    by 0x40015B1: _dl_catch_exception (dl-catch.c:211)
==13916==    by 0x400CD7B: dl_open_worker (dl-open.c:829)
==13916==    by 0x400CD7B: dl_open_worker (dl-open.c:792)
==13916==    by 0x400151B: _dl_catch_exception (dl-catch.c:237)
==13916==    by 0x400D163: _dl_open (dl-open.c:905)
==13916==    by 0x49F71A3: dlopen_doit (dlopen.c:56)
==13916==    by 0x400151B: _dl_catch_exception (dl-catch.c:237)
==13916== 
==13916== 168 bytes in 1 blocks are possibly lost in loss record 265 of 301
==13916==    at 0x484D953: calloc (in /usr/libexec/valgrind/vgpreload_memcheck-amd64-linux.so)
==13916==    by 0x491961E: ??? (in /usr/lib/x86_64-linux-gnu/libtinfo.so.6.4)
==13916==    by 0x491E278: _nc_tiparm (in /usr/lib/x86_64-linux-gnu/libtinfo.so.6.4)
==13916==    by 0x48EBB53: newterm_sp (in /usr/lib/x86_64-linux-gnu/libncurses.so.6.4)
==13916==    by 0x48EC4D4: newterm (in /usr/lib/x86_64-linux-gnu/libncurses.so.6.4)
==13916==    by 0x48EC567: initscr (in /usr/lib/x86_64-linux-gnu/libncurses.so.6.4)
==13916==    by 0x10DB55: _initsrc (windows.c:255)
==13916==    by 0x10B1F5: main (menu.c:214)
==13916== 
==13916== LEAK SUMMARY:
==13916==    definitely lost: 46 bytes in 1 blocks
==13916==    indirectly lost: 0 bytes in 0 blocks
==13916==      possibly lost: 201 bytes in 3 blocks
==13916==    still reachable: 140,827 bytes in 736 blocks
==13916==         suppressed: 0 bytes in 0 blocks
==13916== Reachable blocks (those to which a pointer was found) are not shown.
==13916== To see them, rerun with: --leak-check=full --show-leak-kinds=all
==13916== 
==13916== For lists of detected and suppressed errors, rerun with: -s
==13916== ERROR SUMMARY: 4 errors from 4 contexts (suppressed: 0 from 0)
